<?xml version="1.0" encoding="UTF-8"?>
<!-- Generated by org.testng.reporters.JUnitReportReporter -->
<testsuite skipped="0" hostname="Prabhani-PC" name="testCase.NGWebBasics" tests="1" failures="0" timestamp="02 Sep 2018 10:39:45 GMT" time="1.266" errors="0">
  <testcase name="testSearch" time="1.266" classname="testCase.NGWebBasics"/>
</testsuite> <!-- testCase.NGWebBasics -->
